<?xml version="1.0" encoding="UTF-8"?>
<!-- Generated by org.testng.reporters.JUnitReportReporter -->
<testsuite hostname="DESKTOP-6UQSJV5" failures="0" tests="1" name="pages.PageTests" time="36.728" errors="0" timestamp="2022-10-16T19:37:24 IST" skipped="0">
  <testcase classname="pages.PageTests" name="test1" time="36.728"/>
  <system-out/>
</testsuite> <!-- pages.PageTests -->
