<?xml version="1.0" encoding="UTF-8"?>
<!-- Generated by org.testng.reporters.JUnitReportReporter -->
<testsuite hostname="DESKTOP-6UQSJV5" failures="0" tests="1" name="pages.HomePage" time="25.832" errors="0" timestamp="2022-10-15T21:17:37 IST" skipped="0">
  <testcase classname="pages.HomePage" name="test1" time="25.832"/>
  <system-out/>
</testsuite> <!-- pages.HomePage -->
