<?xml version="1.0" encoding="UTF-8"?>
<!-- Generated by org.testng.reporters.JUnitReportReporter -->
<testsuite hostname="DESKTOP-6UQSJV5" failures="0" tests="1" name="pages.Page" time="70.280" errors="0" timestamp="2022-10-16T18:51:22 IST" skipped="0">
  <testcase classname="pages.Page" name="test1" time="70.280"/>
  <system-out/>
</testsuite> <!-- pages.Page -->
